This file contains any messages produced by compilers while
running configure, to aid debugging if configure makes a mistake.

It was created by libdc1394 configure 2.0.2, which was
generated by GNU Autoconf 2.61.  Invocation command line was

  $ ./configure 

## --------- ##
## Platform. ##
## --------- ##

hostname = Zapruder.local
uname -m = x86_64
uname -r = 10.6.0
uname -s = Darwin
uname -v = Darwin Kernel Version 10.6.0: Wed Nov 10 18:11:58 PST 2010; root:xnu-1504.9.26~3/RELEASE_X86_64

/usr/bin/uname -p = i386
/bin/uname -X     = unknown

/bin/arch              = unknown
/usr/bin/arch -k       = unknown
/usr/convex/getsysinfo = unknown
/usr/bin/hostinfo      = Mach kernel version:
	 Darwin Kernel Version 10.6.0: Wed Nov 10 18:11:58 PST 2010; root:xnu-1504.9.26~3/RELEASE_X86_64
Kernel configured for up to 4 processors.
2 processors are physically available.
4 processors are logically available.
Processor type: i486 (Intel 80486)
Processors active: 0 1 2 3
Primary memory available: 4.00 gigabytes
Default processor set: 65 tasks, 324 threads, 4 processors
Load average: 1.99, Mach factor: 1.99
/bin/machine           = unknown
/usr/bin/oslevel       = unknown
/bin/universe          = unknown

PATH: /Developer/usr/bin
PATH: /usr/bin
PATH: /bin
PATH: /usr/sbin
PATH: /sbin


## ----------- ##
## Core tests. ##
## ----------- ##

configure:2179: checking for doxygen
configure:2212: result: no
configure:2236: WARNING: doxygen not found - will not generate any doxygen documentation (requires doxygen package)
configure:2289: checking for perl
configure:2307: found /usr/bin/perl
configure:2319: result: /usr/bin/perl
configure:4128: checking for a BSD-compatible install
configure:4184: result: /usr/bin/install -c
configure:4195: checking whether build environment is sane
configure:4238: result: yes
configure:4262: WARNING: `missing' script is too old or missing
configure:4266: checking for a thread-safe mkdir -p
configure:4305: result: ./install-sh -c -d
configure:4318: checking for gawk
configure:4348: result: no
configure:4318: checking for mawk
configure:4348: result: no
configure:4318: checking for nawk
configure:4348: result: no
configure:4318: checking for awk
configure:4334: found /usr/bin/awk
configure:4345: result: awk
configure:4356: checking whether make sets $(MAKE)
configure:4377: result: yes
configure:4616: checking for gcc
configure:4632: found /Developer/usr/bin/gcc
configure:4643: result: gcc
configure:4881: checking for C compiler version
configure:4888: gcc --version >&5
i686-apple-darwin10-gcc-4.2.1 (GCC) 4.2.1 (Apple Inc. build 5664)
Copyright (C) 2007 Free Software Foundation, Inc.
This is free software; see the source for copying conditions.  There is NO
warranty; not even for MERCHANTABILITY or FITNESS FOR A PARTICULAR PURPOSE.

configure:4891: $? = 0
configure:4898: gcc -v >&5
Using built-in specs.
Target: i686-apple-darwin10
Configured with: /var/tmp/gcc/gcc-5664~89/src/configure --disable-checking --enable-werror --prefix=/usr --mandir=/share/man --enable-languages=c,objc,c++,obj-c++ --program-transform-name=/^[cg][^.-]*$/s/$/-4.2/ --with-slibdir=/usr/lib --build=i686-apple-darwin10 --program-prefix=i686-apple-darwin10- --host=x86_64-apple-darwin10 --target=i686-apple-darwin10 --with-gxx-include-dir=/include/c++/4.2.1
Thread model: posix
gcc version 4.2.1 (Apple Inc. build 5664)
configure:4901: $? = 0
configure:4908: gcc -V >&5
gcc-4.2: argument to `-V' is missing
configure:4911: $? = 1
configure:4934: checking for C compiler default output file name
configure:4961: gcc    conftest.c  >&5
configure:4964: $? = 0
configure:5002: result: a.out
configure:5019: checking whether the C compiler works
configure:5029: ./a.out
configure:5032: $? = 0
configure:5049: result: yes
configure:5056: checking whether we are cross compiling
configure:5058: result: no
configure:5061: checking for suffix of executables
configure:5068: gcc -o conftest    conftest.c  >&5
configure:5071: $? = 0
configure:5095: result: 
configure:5101: checking for suffix of object files
configure:5127: gcc -c   conftest.c >&5
configure:5130: $? = 0
configure:5153: result: o
configure:5157: checking whether we are using the GNU C compiler
configure:5186: gcc -c   conftest.c >&5
configure:5192: $? = 0
configure:5209: result: yes
configure:5214: checking whether gcc accepts -g
configure:5244: gcc -c -g  conftest.c >&5
configure:5250: $? = 0
configure:5349: result: yes
configure:5366: checking for gcc option to accept ISO C89
configure:5440: gcc  -c -g -O2  conftest.c >&5
configure:5446: $? = 0
configure:5469: result: none needed
configure:5498: checking for style of include used by make
configure:5526: result: GNU
configure:5551: checking dependency style of gcc
configure:5642: result: gcc3
configure:5735: checking build system type
configure:5753: result: i386-apple-darwin10.6.0
configure:5775: checking host system type
configure:5790: result: i386-apple-darwin10.6.0
configure:5812: checking for a sed that does not truncate output
configure:5868: result: /usr/bin/sed
configure:5871: checking for grep that handles long lines and -e
configure:5945: result: /usr/bin/grep
configure:5950: checking for egrep
configure:6028: result: /usr/bin/grep -E
configure:6044: checking for ld used by gcc
configure:6111: result: /Developer/usr/libexec/gcc/i686-apple-darwin10/4.2.1/ld
configure:6120: checking if the linker (/Developer/usr/libexec/gcc/i686-apple-darwin10/4.2.1/ld) is GNU ld
configure:6135: result: no
configure:6140: checking for /Developer/usr/libexec/gcc/i686-apple-darwin10/4.2.1/ld option to reload object files
configure:6147: result: -r
configure:6165: checking for BSD-compatible nm
configure:6214: result: /Developer/usr/bin/nm
configure:6218: checking whether ln -s works
configure:6222: result: yes
configure:6229: checking how to recognize dependent libraries
configure:6415: result: pass_all
configure:6950: checking how to run the C preprocessor
configure:6990: gcc -E  conftest.c
configure:6996: $? = 0
configure:7027: gcc -E  conftest.c
conftest.c:10:28: error: ac_nonexistent.h: No such file or directory
configure:7033: $? = 1
configure: failed program was:
| /* confdefs.h.  */
| #define PACKAGE_NAME "libdc1394"
| #define PACKAGE_TARNAME "libdc1394"
| #define PACKAGE_VERSION "2.0.2"
| #define PACKAGE_STRING "libdc1394 2.0.2"
| #define PACKAGE_BUGREPORT "libdc1394-devel@lists.sf.net"
| #define PACKAGE "libdc1394"
| #define VERSION "2.0.2"
| /* end confdefs.h.  */
| #include <ac_nonexistent.h>
configure:7066: result: gcc -E
configure:7095: gcc -E  conftest.c
configure:7101: $? = 0
configure:7132: gcc -E  conftest.c
conftest.c:10:28: error: ac_nonexistent.h: No such file or directory
configure:7138: $? = 1
configure: failed program was:
| /* confdefs.h.  */
| #define PACKAGE_NAME "libdc1394"
| #define PACKAGE_TARNAME "libdc1394"
| #define PACKAGE_VERSION "2.0.2"
| #define PACKAGE_STRING "libdc1394 2.0.2"
| #define PACKAGE_BUGREPORT "libdc1394-devel@lists.sf.net"
| #define PACKAGE "libdc1394"
| #define VERSION "2.0.2"
| /* end confdefs.h.  */
| #include <ac_nonexistent.h>
configure:7176: checking for ANSI C header files
configure:7206: gcc -c -g -O2  conftest.c >&5
configure:7212: $? = 0
configure:7311: gcc -o conftest -g -O2   conftest.c  >&5
configure:7314: $? = 0
configure:7320: ./conftest
configure:7323: $? = 0
configure:7340: result: yes
configure:7364: checking for sys/types.h
configure:7385: gcc -c -g -O2  conftest.c >&5
configure:7391: $? = 0
configure:7407: result: yes
configure:7364: checking for sys/stat.h
configure:7385: gcc -c -g -O2  conftest.c >&5
configure:7391: $? = 0
configure:7407: result: yes
configure:7364: checking for stdlib.h
configure:7385: gcc -c -g -O2  conftest.c >&5
configure:7391: $? = 0
configure:7407: result: yes
configure:7364: checking for string.h
configure:7385: gcc -c -g -O2  conftest.c >&5
configure:7391: $? = 0
configure:7407: result: yes
configure:7364: checking for memory.h
configure:7385: gcc -c -g -O2  conftest.c >&5
configure:7391: $? = 0
configure:7407: result: yes
configure:7364: checking for strings.h
configure:7385: gcc -c -g -O2  conftest.c >&5
configure:7391: $? = 0
configure:7407: result: yes
configure:7364: checking for inttypes.h
configure:7385: gcc -c -g -O2  conftest.c >&5
configure:7391: $? = 0
configure:7407: result: yes
configure:7364: checking for stdint.h
configure:7385: gcc -c -g -O2  conftest.c >&5
configure:7391: $? = 0
configure:7407: result: yes
configure:7364: checking for unistd.h
configure:7385: gcc -c -g -O2  conftest.c >&5
configure:7391: $? = 0
configure:7407: result: yes
configure:7434: checking dlfcn.h usability
configure:7451: gcc -c -g -O2  conftest.c >&5
configure:7457: $? = 0
configure:7471: result: yes
configure:7475: checking dlfcn.h presence
configure:7490: gcc -E  conftest.c
configure:7496: $? = 0
configure:7510: result: yes
configure:7543: checking for dlfcn.h
configure:7551: result: yes
configure:7622: checking for g++
configure:7638: found /Developer/usr/bin/g++
configure:7649: result: g++
configure:7680: checking for C++ compiler version
configure:7687: g++ --version >&5
i686-apple-darwin10-g++-4.2.1 (GCC) 4.2.1 (Apple Inc. build 5664)
Copyright (C) 2007 Free Software Foundation, Inc.
This is free software; see the source for copying conditions.  There is NO
warranty; not even for MERCHANTABILITY or FITNESS FOR A PARTICULAR PURPOSE.

configure:7690: $? = 0
configure:7697: g++ -v >&5
Using built-in specs.
Target: i686-apple-darwin10
Configured with: /var/tmp/gcc/gcc-5664~89/src/configure --disable-checking --enable-werror --prefix=/usr --mandir=/share/man --enable-languages=c,objc,c++,obj-c++ --program-transform-name=/^[cg][^.-]*$/s/$/-4.2/ --with-slibdir=/usr/lib --build=i686-apple-darwin10 --program-prefix=i686-apple-darwin10- --host=x86_64-apple-darwin10 --target=i686-apple-darwin10 --with-gxx-include-dir=/include/c++/4.2.1
Thread model: posix
gcc version 4.2.1 (Apple Inc. build 5664)
configure:7700: $? = 0
configure:7707: g++ -V >&5
g++-4.2: argument to `-V' is missing
configure:7710: $? = 1
configure:7713: checking whether we are using the GNU C++ compiler
configure:7742: g++ -c   conftest.cpp >&5
configure:7748: $? = 0
configure:7765: result: yes
configure:7770: checking whether g++ accepts -g
configure:7800: g++ -c -g  conftest.cpp >&5
configure:7806: $? = 0
configure:7905: result: yes
configure:7930: checking dependency style of g++
configure:8021: result: gcc3
configure:8046: checking how to run the C++ preprocessor
configure:8082: g++ -E  conftest.cpp
configure:8088: $? = 0
configure:8119: g++ -E  conftest.cpp
conftest.cpp:21:28: error: ac_nonexistent.h: No such file or directory
configure:8125: $? = 1
configure: failed program was:
| /* confdefs.h.  */
| #define PACKAGE_NAME "libdc1394"
| #define PACKAGE_TARNAME "libdc1394"
| #define PACKAGE_VERSION "2.0.2"
| #define PACKAGE_STRING "libdc1394 2.0.2"
| #define PACKAGE_BUGREPORT "libdc1394-devel@lists.sf.net"
| #define PACKAGE "libdc1394"
| #define VERSION "2.0.2"
| #define STDC_HEADERS 1
| #define HAVE_SYS_TYPES_H 1
| #define HAVE_SYS_STAT_H 1
| #define HAVE_STDLIB_H 1
| #define HAVE_STRING_H 1
| #define HAVE_MEMORY_H 1
| #define HAVE_STRINGS_H 1
| #define HAVE_INTTYPES_H 1
| #define HAVE_STDINT_H 1
| #define HAVE_UNISTD_H 1
| #define HAVE_DLFCN_H 1
| /* end confdefs.h.  */
| #include <ac_nonexistent.h>
configure:8158: result: g++ -E
configure:8187: g++ -E  conftest.cpp
configure:8193: $? = 0
configure:8224: g++ -E  conftest.cpp
conftest.cpp:21:28: error: ac_nonexistent.h: No such file or directory
configure:8230: $? = 1
configure: failed program was:
| /* confdefs.h.  */
| #define PACKAGE_NAME "libdc1394"
| #define PACKAGE_TARNAME "libdc1394"
| #define PACKAGE_VERSION "2.0.2"
| #define PACKAGE_STRING "libdc1394 2.0.2"
| #define PACKAGE_BUGREPORT "libdc1394-devel@lists.sf.net"
| #define PACKAGE "libdc1394"
| #define VERSION "2.0.2"
| #define STDC_HEADERS 1
| #define HAVE_SYS_TYPES_H 1
| #define HAVE_SYS_STAT_H 1
| #define HAVE_STDLIB_H 1
| #define HAVE_STRING_H 1
| #define HAVE_MEMORY_H 1
| #define HAVE_STRINGS_H 1
| #define HAVE_INTTYPES_H 1
| #define HAVE_STDINT_H 1
| #define HAVE_UNISTD_H 1
| #define HAVE_DLFCN_H 1
| /* end confdefs.h.  */
| #include <ac_nonexistent.h>
configure:8323: checking for g77
configure:8353: result: no
configure:8323: checking for xlf
configure:8353: result: no
configure:8323: checking for f77
configure:8353: result: no
configure:8323: checking for frt
configure:8353: result: no
configure:8323: checking for pgf77
configure:8353: result: no
configure:8323: checking for cf77
configure:8353: result: no
configure:8323: checking for fort77
configure:8353: result: no
configure:8323: checking for fl32
configure:8353: result: no
configure:8323: checking for af77
configure:8353: result: no
configure:8323: checking for xlf90
configure:8353: result: no
configure:8323: checking for f90
configure:8353: result: no
configure:8323: checking for pgf90
configure:8353: result: no
configure:8323: checking for pghpf
configure:8353: result: no
configure:8323: checking for epcf90
configure:8353: result: no
configure:8323: checking for gfortran
configure:8353: result: no
configure:8323: checking for g95
configure:8353: result: no
configure:8323: checking for xlf95
configure:8353: result: no
configure:8323: checking for f95
configure:8353: result: no
configure:8323: checking for fort
configure:8353: result: no
configure:8323: checking for ifort
configure:8353: result: no
configure:8323: checking for ifc
configure:8353: result: no
configure:8323: checking for efc
configure:8353: result: no
configure:8323: checking for pgf95
configure:8353: result: no
configure:8323: checking for lf95
configure:8353: result: no
configure:8323: checking for ftn
configure:8353: result: no
configure:8380: checking for Fortran 77 compiler version
configure:8387:  --version >&5
./configure: line 8388: --version: command not found
configure:8390: $? = 127
configure:8397:  -v >&5
./configure: line 8398: -v: command not found
configure:8400: $? = 127
configure:8407:  -V >&5
./configure: line 8408: -V: command not found
configure:8410: $? = 127
configure:8418: checking whether we are using the GNU Fortran 77 compiler
configure:8437:  -c  conftest.F >&5
./configure: line 8438: -c: command not found
configure:8443: $? = 127
configure: failed program was:
|       program main
| #ifndef __GNUC__
|        choke me
| #endif
| 
|       end
configure:8460: result: no
configure:8466: checking whether  accepts -g
configure:8483:  -c -g conftest.f >&5
./configure: line 8484: -c: command not found
configure:8489: $? = 127
configure: failed program was:
|       program main
| 
|       end
configure:8505: result: no
configure:8534: checking the maximum length of command line arguments
configure:8646: result: 196608
configure:8658: checking command to parse /Developer/usr/bin/nm output from gcc object
configure:8763: gcc -c -g -O2  conftest.c >&5
configure:8766: $? = 0
configure:8770: /Developer/usr/bin/nm conftest.o \| sed -n -e 's/^.*[ 	]\([BCDEGRST][BCDEGRST]*\)[ 	][ 	]*\([_A-Za-z][_A-Za-z0-9]*\)$/\1 \2 \2/p' \> conftest.nm
configure:8773: $? = 0
cannot find nm_test_var in conftest.nm
configure:8763: gcc -c -g -O2  conftest.c >&5
configure:8766: $? = 0
configure:8770: /Developer/usr/bin/nm conftest.o \| sed -n -e 's/^.*[ 	]\([BCDEGRST][BCDEGRST]*\)[ 	][ 	]*_\([_A-Za-z][_A-Za-z0-9]*\)$/\1 _\2 \2/p' \> conftest.nm
configure:8773: $? = 0
configure:8825: gcc -o conftest -g -O2   conftest.c conftstm.o >&5
configure:8828: $? = 0
configure:8866: result: ok
configure:8870: checking for objdir
configure:8885: result: .libs
configure:8977: checking for ar
configure:8993: found /Developer/usr/bin/ar
configure:9004: result: ar
configure:9073: checking for ranlib
configure:9089: found /Developer/usr/bin/ranlib
configure:9100: result: ranlib
configure:9169: checking for strip
configure:9185: found /Developer/usr/bin/strip
configure:9196: result: strip
configure:9453: checking for dsymutil
configure:9469: found /Developer/usr/bin/dsymutil
configure:9480: result: dsymutil
configure:9549: checking for nmedit
configure:9565: found /Developer/usr/bin/nmedit
configure:9576: result: nmedit
configure:9603: checking for -single_module linker flag
configure:9624: result: yes
configure:9626: checking for -exported_symbols_list linker flag
configure:9656: gcc -o conftest -g -O2   -Wl,-exported_symbols_list,conftest.sym conftest.c  >&5
configure:9662: $? = 0
configure:9681: result: yes
configure:9794: checking if gcc supports -fno-rtti -fno-exceptions
configure:9812: gcc -c -g -O2  -fno-rtti -fno-exceptions conftest.c >&5
cc1: warning: command line option "-fno-rtti" is valid for C++/ObjC++ but not for C
configure:9816: $? = 0
configure:9829: result: no
configure:9844: checking for gcc option to produce PIC
configure:10076: result: -fno-common
configure:10084: checking if gcc PIC flag -fno-common works
configure:10102: gcc -c -g -O2  -fno-common -DPIC conftest.c >&5
configure:10106: $? = 0
configure:10119: result: yes
configure:10147: checking if gcc static flag -static works
configure:10175: result: no
configure:10185: checking if gcc supports -c -o file.o
configure:10206: gcc -c -g -O2  -o out/conftest2.o conftest.c >&5
configure:10210: $? = 0
configure:10232: result: yes
configure:10258: checking whether the gcc linker (/Developer/usr/libexec/gcc/i686-apple-darwin10/4.2.1/ld) supports shared libraries
configure:11239: result: yes
configure:11306: checking dynamic linker characteristics
configure:11920: result: darwin10.6.0 dyld
configure:11944: checking how to hardcode library paths into programs
configure:11969: result: immediate
configure:11983: checking whether stripping libraries is possible
configure:11997: result: yes
configure:12790: checking if libtool supports shared libraries
configure:12792: result: yes
configure:12795: checking whether to build shared libraries
configure:12816: result: yes
configure:12819: checking whether to build static libraries
configure:12823: result: yes
configure:12917: creating libtool
configure:13510: checking for ld used by g++
configure:13577: result: /Developer/usr/libexec/gcc/i686-apple-darwin10/4.2.1/ld
configure:13586: checking if the linker (/Developer/usr/libexec/gcc/i686-apple-darwin10/4.2.1/ld) is GNU ld
configure:13601: result: no
configure:13652: checking whether the g++ linker (/Developer/usr/libexec/gcc/i686-apple-darwin10/4.2.1/ld) supports shared libraries
configure:14598: result: yes
configure:14615: g++ -c -g -O2  conftest.cpp >&5
configure:14618: $? = 0
configure:14774: checking for g++ option to produce PIC
configure:15058: result: -fno-common
configure:15066: checking if g++ PIC flag -fno-common works
configure:15084: g++ -c -g -O2  -fno-common -DPIC conftest.cpp >&5
configure:15088: $? = 0
configure:15101: result: yes
configure:15129: checking if g++ static flag -static works
configure:15157: result: no
configure:15167: checking if g++ supports -c -o file.o
configure:15188: g++ -c -g -O2  -o out/conftest2.o conftest.cpp >&5
configure:15192: $? = 0
configure:15214: result: yes
configure:15240: checking whether the g++ linker (/Developer/usr/libexec/gcc/i686-apple-darwin10/4.2.1/ld) supports shared libraries
configure:15269: result: yes
configure:15336: checking dynamic linker characteristics
configure:15898: result: darwin10.6.0 dyld
configure:15922: checking how to hardcode library paths into programs
configure:15947: result: immediate
configure:22195: checking whether gcc and cc understand -c and -o together
configure:22230: gcc -c conftest.c -o conftest2.o >&5
configure:22233: $? = 0
configure:22239: gcc -c conftest.c -o conftest2.o >&5
configure:22242: $? = 0
configure:22253: cc -c conftest.c >&5
configure:22256: $? = 0
configure:22264: cc -c conftest.c -o conftest2.o >&5
configure:22267: $? = 0
configure:22273: cc -c conftest.c -o conftest2.o >&5
configure:22276: $? = 0
configure:22294: result: yes
configure:22322: checking for C/C++ restrict keyword
configure:22358: gcc -c -g -O2  conftest.c >&5
conftest.c:22: error: expected ';', ',' or ')' before 'ip'
conftest.c: In function 'main':
conftest.c:29: error: nested functions are disabled, use -fnested-functions to re-enable
conftest.c:29: error: expected '=', ',', ';', 'asm' or '__attribute__' before 't'
conftest.c:29: error: 't' undeclared (first use in this function)
conftest.c:29: error: (Each undeclared identifier is reported only once
conftest.c:29: error: for each function it appears in.)
configure:22364: $? = 1
configure: failed program was:
| /* confdefs.h.  */
| #define PACKAGE_NAME "libdc1394"
| #define PACKAGE_TARNAME "libdc1394"
| #define PACKAGE_VERSION "2.0.2"
| #define PACKAGE_STRING "libdc1394 2.0.2"
| #define PACKAGE_BUGREPORT "libdc1394-devel@lists.sf.net"
| #define PACKAGE "libdc1394"
| #define VERSION "2.0.2"
| #define STDC_HEADERS 1
| #define HAVE_SYS_TYPES_H 1
| #define HAVE_SYS_STAT_H 1
| #define HAVE_STDLIB_H 1
| #define HAVE_STRING_H 1
| #define HAVE_MEMORY_H 1
| #define HAVE_STRINGS_H 1
| #define HAVE_INTTYPES_H 1
| #define HAVE_STDINT_H 1
| #define HAVE_UNISTD_H 1
| #define HAVE_DLFCN_H 1
| /* end confdefs.h.  */
| typedef int * int_ptr;
|         int foo (int_ptr restrict ip) {
|         return ip[0];
|        }
| int
| main ()
| {
| int s[1];
|         int * restrict t = s;
|         t[0] = 0;
|         return foo(t)
|   ;
|   return 0;
| }
configure:22358: gcc -c -g -O2  conftest.c >&5
configure:22364: $? = 0
configure:22382: result: __restrict
configure:22398: checking for pow in -lm
configure:22433: gcc -o conftest -g -O2   conftest.c -lm   >&5
conftest.c:29: warning: conflicting types for built-in function 'pow'
configure:22439: $? = 0
configure:22457: result: yes
configure:22555: checking for IOMasterPort in -lIOKit
configure:22590: gcc -o conftest -g -O2   conftest.c -lIOKit  -lm  >&5
configure:22596: $? = 0
configure:22614: result: yes
configure:22670: checking for Xv extensions
configure:22697: gcc -c -g -O2  conftest.c >&5
conftest.c: In function 'main':
conftest.c:30: error: nested functions are disabled, use -fnested-functions to re-enable
configure:22703: $? = 1
configure: failed program was:
| /* confdefs.h.  */
| #define PACKAGE_NAME "libdc1394"
| #define PACKAGE_TARNAME "libdc1394"
| #define PACKAGE_VERSION "2.0.2"
| #define PACKAGE_STRING "libdc1394 2.0.2"
| #define PACKAGE_BUGREPORT "libdc1394-devel@lists.sf.net"
| #define PACKAGE "libdc1394"
| #define VERSION "2.0.2"
| #define STDC_HEADERS 1
| #define HAVE_SYS_TYPES_H 1
| #define HAVE_SYS_STAT_H 1
| #define HAVE_STDLIB_H 1
| #define HAVE_STRING_H 1
| #define HAVE_MEMORY_H 1
| #define HAVE_STRINGS_H 1
| #define HAVE_INTTYPES_H 1
| #define HAVE_STDINT_H 1
| #define HAVE_UNISTD_H 1
| #define HAVE_DLFCN_H 1
| #define restrict __restrict
| #define HAVE_IOKITLIB
| /* end confdefs.h.  */
| 
| 	#include <X11/Xlib.h>
|  	#include <X11/extensions/Xvlib.h>
| int
| main ()
| {
| 
| 	int main(void) { (void) XvGetPortAttribute(0, 0, 0, 0); return 0; }
| 
|   ;
|   return 0;
| }
configure:22717: result: no
configure:22738: checking for ANSI C header files
configure:22902: result: yes
configure:22922: checking for stdint.h
configure:22928: result: yes
configure:22932: checking fcntl.h usability
configure:22949: gcc -c -g -O2  conftest.c >&5
configure:22955: $? = 0
configure:22969: result: yes
configure:22973: checking fcntl.h presence
configure:22988: gcc -E  conftest.c
configure:22994: $? = 0
configure:23008: result: yes
configure:23041: checking for fcntl.h
configure:23049: result: yes
configure:22932: checking sys/ioctl.h usability
configure:22949: gcc -c -g -O2  conftest.c >&5
configure:22955: $? = 0
configure:22969: result: yes
configure:22973: checking sys/ioctl.h presence
configure:22988: gcc -E  conftest.c
configure:22994: $? = 0
configure:23008: result: yes
configure:23041: checking for sys/ioctl.h
configure:23049: result: yes
configure:22922: checking for unistd.h
configure:22928: result: yes
configure:22932: checking sys/mman.h usability
configure:22949: gcc -c -g -O2  conftest.c >&5
configure:22955: $? = 0
configure:22969: result: yes
configure:22973: checking sys/mman.h presence
configure:22988: gcc -E  conftest.c
configure:22994: $? = 0
configure:23008: result: yes
configure:23041: checking for sys/mman.h
configure:23049: result: yes
configure:22932: checking netinet/in.h usability
configure:22949: gcc -c -g -O2  conftest.c >&5
configure:22955: $? = 0
configure:22969: result: yes
configure:22973: checking netinet/in.h presence
configure:22988: gcc -E  conftest.c
configure:22994: $? = 0
configure:23008: result: yes
configure:23041: checking for netinet/in.h
configure:23049: result: yes
configure:23062: checking for X
configure:23177: gcc -E  conftest.c
configure:23183: $? = 0
configure:23232: gcc -o conftest -g -O2   conftest.c -lX11 -lm  >&5
ld: library not found for -lX11
collect2: ld returned 1 exit status
configure:23238: $? = 1
configure: failed program was:
| /* confdefs.h.  */
| #define PACKAGE_NAME "libdc1394"
| #define PACKAGE_TARNAME "libdc1394"
| #define PACKAGE_VERSION "2.0.2"
| #define PACKAGE_STRING "libdc1394 2.0.2"
| #define PACKAGE_BUGREPORT "libdc1394-devel@lists.sf.net"
| #define PACKAGE "libdc1394"
| #define VERSION "2.0.2"
| #define STDC_HEADERS 1
| #define HAVE_SYS_TYPES_H 1
| #define HAVE_SYS_STAT_H 1
| #define HAVE_STDLIB_H 1
| #define HAVE_STRING_H 1
| #define HAVE_MEMORY_H 1
| #define HAVE_STRINGS_H 1
| #define HAVE_INTTYPES_H 1
| #define HAVE_STDINT_H 1
| #define HAVE_UNISTD_H 1
| #define HAVE_DLFCN_H 1
| #define restrict __restrict
| #define HAVE_IOKITLIB
| #define STDC_HEADERS 1
| #define HAVE_STDINT_H 1
| #define HAVE_FCNTL_H 1
| #define HAVE_SYS_IOCTL_H 1
| #define HAVE_UNISTD_H 1
| #define HAVE_SYS_MMAN_H 1
| #define HAVE_NETINET_IN_H 1
| /* end confdefs.h.  */
| #include <X11/Xlib.h>
| int
| main ()
| {
| XrmInitialize ()
|   ;
|   return 0;
| }
configure:23286: result: no
configure:24377: checking for size_t
configure:24407: gcc -c -g -O2  conftest.c >&5
configure:24413: $? = 0
configure:24428: result: yes
configure:24447: checking for stdlib.h
configure:24453: result: yes
configure:24447: checking for unistd.h
configure:24453: result: yes
configure:24591: checking for getpagesize
configure:24647: gcc -o conftest -g -O2   conftest.c -lm  >&5
configure:24653: $? = 0
configure:24671: result: yes
configure:24681: checking for working mmap
configure:24828: gcc -o conftest -g -O2   conftest.c -lm  >&5
configure:24831: $? = 0
configure:24837: ./conftest
configure:24840: $? = 0
configure:24856: result: yes
configure:25179: creating ./config.status

## ---------------------- ##
## Running config.status. ##
## ---------------------- ##

This file was extended by libdc1394 config.status 2.0.2, which was
generated by GNU Autoconf 2.61.  Invocation command line was

  CONFIG_FILES    = 
  CONFIG_HEADERS  = 
  CONFIG_LINKS    = 
  CONFIG_COMMANDS = 
  $ ./config.status 

on Zapruder.local

config.status:766: creating Makefile
config.status:766: creating libdc1394-2.pc
config.status:766: creating dc1394/Makefile
config.status:766: creating dc1394/linux/Makefile
config.status:766: creating dc1394/juju/Makefile
config.status:766: creating dc1394/macosx/Makefile
config.status:766: creating dc1394/msw/Makefile
config.status:766: creating dc1394/vendor/Makefile
config.status:766: creating examples/Makefile
config.status:766: creating config.h
config.status:1007: config.h is unchanged
config.status:1054: executing depfiles commands

## ---------------- ##
## Cache variables. ##
## ---------------- ##

ac_cv_build=i386-apple-darwin10.6.0
ac_cv_c_compiler_gnu=yes
ac_cv_c_restrict=__restrict
ac_cv_cxx_compiler_gnu=yes
ac_cv_env_CCC_set=
ac_cv_env_CCC_value=
ac_cv_env_CC_set=
ac_cv_env_CC_value=
ac_cv_env_CFLAGS_set=
ac_cv_env_CFLAGS_value=
ac_cv_env_CPPFLAGS_set=
ac_cv_env_CPPFLAGS_value=
ac_cv_env_CPP_set=
ac_cv_env_CPP_value=
ac_cv_env_CXXCPP_set=
ac_cv_env_CXXCPP_value=
ac_cv_env_CXXFLAGS_set=
ac_cv_env_CXXFLAGS_value=
ac_cv_env_CXX_set=
ac_cv_env_CXX_value=
ac_cv_env_DOXYGEN_PAPER_SIZE_set=
ac_cv_env_DOXYGEN_PAPER_SIZE_value=
ac_cv_env_F77_set=
ac_cv_env_F77_value=
ac_cv_env_FFLAGS_set=
ac_cv_env_FFLAGS_value=
ac_cv_env_LDFLAGS_set=
ac_cv_env_LDFLAGS_value=
ac_cv_env_LIBS_set=
ac_cv_env_LIBS_value=
ac_cv_env_XMKMF_set=
ac_cv_env_XMKMF_value=
ac_cv_env_build_alias_set=
ac_cv_env_build_alias_value=
ac_cv_env_host_alias_set=
ac_cv_env_host_alias_value=
ac_cv_env_target_alias_set=
ac_cv_env_target_alias_value=
ac_cv_f77_compiler_gnu=no
ac_cv_func_getpagesize=yes
ac_cv_func_mmap_fixed_mapped=yes
ac_cv_have_x=have_x=no
ac_cv_header_dlfcn_h=yes
ac_cv_header_fcntl_h=yes
ac_cv_header_inttypes_h=yes
ac_cv_header_memory_h=yes
ac_cv_header_netinet_in_h=yes
ac_cv_header_stdc=yes
ac_cv_header_stdint_h=yes
ac_cv_header_stdlib_h=yes
ac_cv_header_string_h=yes
ac_cv_header_strings_h=yes
ac_cv_header_sys_ioctl_h=yes
ac_cv_header_sys_mman_h=yes
ac_cv_header_sys_stat_h=yes
ac_cv_header_sys_types_h=yes
ac_cv_header_unistd_h=yes
ac_cv_host=i386-apple-darwin10.6.0
ac_cv_lib_IOKit_IOMasterPort=yes
ac_cv_lib_m_pow=yes
ac_cv_objext=o
ac_cv_path_EGREP='/usr/bin/grep -E'
ac_cv_path_GREP=/usr/bin/grep
ac_cv_path_ac_pt_DX_PERL=/usr/bin/perl
ac_cv_path_install='/usr/bin/install -c'
ac_cv_prog_AWK=awk
ac_cv_prog_CPP='gcc -E'
ac_cv_prog_CXXCPP='g++ -E'
ac_cv_prog_ac_ct_AR=ar
ac_cv_prog_ac_ct_CC=gcc
ac_cv_prog_ac_ct_CXX=g++
ac_cv_prog_ac_ct_DSYMUTIL=dsymutil
ac_cv_prog_ac_ct_NMEDIT=nmedit
ac_cv_prog_ac_ct_RANLIB=ranlib
ac_cv_prog_ac_ct_STRIP=strip
ac_cv_prog_cc_c89=
ac_cv_prog_cc_g=yes
ac_cv_prog_cc_gcc_c_o=yes
ac_cv_prog_cxx_g=yes
ac_cv_prog_f77_g=no
ac_cv_prog_make_make_set=yes
ac_cv_type_size_t=yes
am_cv_CC_dependencies_compiler_type=gcc3
am_cv_CXX_dependencies_compiler_type=gcc3
lt_cv_apple_cc_single_mod=yes
lt_cv_deplibs_check_method=pass_all
lt_cv_file_magic_cmd='$MAGIC_CMD'
lt_cv_file_magic_test_file=
lt_cv_ld_exported_symbols_list=yes
lt_cv_ld_reload_flag=-r
lt_cv_objdir=.libs
lt_cv_path_LD=/Developer/usr/libexec/gcc/i686-apple-darwin10/4.2.1/ld
lt_cv_path_LDCXX=/Developer/usr/libexec/gcc/i686-apple-darwin10/4.2.1/ld
lt_cv_path_NM=/Developer/usr/bin/nm
lt_cv_path_SED=/usr/bin/sed
lt_cv_prog_compiler_c_o=yes
lt_cv_prog_compiler_c_o_CXX=yes
lt_cv_prog_compiler_pic_works=yes
lt_cv_prog_compiler_pic_works_CXX=yes
lt_cv_prog_compiler_rtti_exceptions=no
lt_cv_prog_compiler_static_works=no
lt_cv_prog_compiler_static_works_CXX=no
lt_cv_prog_gnu_ld=no
lt_cv_prog_gnu_ldcxx=no
lt_cv_sys_global_symbol_pipe='sed -n -e '\''s/^.*[ 	]\([BCDEGRST][BCDEGRST]*\)[ 	][ 	]*_\([_A-Za-z][_A-Za-z0-9]*\)$/\1 _\2 \2/p'\'''
lt_cv_sys_global_symbol_to_c_name_address='sed -n -e '\''s/^: \([^ ]*\) $/  {\"\1\", (lt_ptr) 0},/p'\'' -e '\''s/^[BCDEGRST] \([^ ]*\) \([^ ]*\)$/  {"\2", (lt_ptr) \&\2},/p'\'''
lt_cv_sys_global_symbol_to_cdecl='sed -n -e '\''s/^. .* \(.*\)$/extern int \1;/p'\'''
lt_cv_sys_lib_dlsearch_path_spec='/usr/local/lib /lib /usr/lib'
lt_cv_sys_lib_search_path_spec='/Developer/usr/lib/gcc/i686-apple-darwin10/4.2.1/x86_64 /usr/lib/gcc/i686-apple-darwin10/4.2.1/x86_64 /usr/lib/i686-apple-darwin10/4.2.1 /usr/lib /Developer/usr/lib/gcc /Developer/usr/lib/i686-apple-darwin10/4.2.1 /Developer/usr/lib /usr/local/lib'
lt_cv_sys_max_cmd_len=196608
lt_lt_cv_prog_compiler_c_o='"yes"'
lt_lt_cv_prog_compiler_c_o_CXX='"yes"'
lt_lt_cv_sys_global_symbol_pipe='"sed -n -e '\''s/^.*[ 	]\\([BCDEGRST][BCDEGRST]*\\)[ 	][ 	]*_\\([_A-Za-z][_A-Za-z0-9]*\\)\$/\\1 _\\2 \\2/p'\''"'
lt_lt_cv_sys_global_symbol_to_c_name_address='"sed -n -e '\''s/^: \\([^ ]*\\) \$/  {\\\"\\1\\\", (lt_ptr) 0},/p'\'' -e '\''s/^[BCDEGRST] \\([^ ]*\\) \\([^ ]*\\)\$/  {\"\\2\", (lt_ptr) \\&\\2},/p'\''"'
lt_lt_cv_sys_global_symbol_to_cdecl='"sed -n -e '\''s/^. .* \\(.*\\)\$/extern int \\1;/p'\''"'

## ----------------- ##
## Output variables. ##
## ----------------- ##

ACLOCAL='aclocal-1.10'
AMDEPBACKSLASH='\'
AMDEP_FALSE='#'
AMDEP_TRUE=''
AMTAR='tar'
AR='ar'
AS='as'
AUTOCONF='autoconf'
AUTOHEADER='autoheader'
AUTOMAKE='automake-1.10'
AWK='awk'
CC='gcc'
CCDEPMODE='depmode=gcc3'
CFLAGS='-g -O2 -Wall -Wunused -std=gnu99'
CPP='gcc -E'
CPPFLAGS=''
CXX='g++'
CXXCPP='g++ -E'
CXXDEPMODE='depmode=gcc3'
CXXFLAGS='-g -O2'
CYGPATH_W='echo'
DEFS='-DHAVE_CONFIG_H'
DEPDIR='.deps'
DLLTOOL='dlltool'
DOXYGEN_PAPER_SIZE=''
DSYMUTIL='dsymutil'
DX_COND_chi_FALSE=''
DX_COND_chi_TRUE='#'
DX_COND_chm_FALSE=''
DX_COND_chm_TRUE='#'
DX_COND_doc_FALSE=''
DX_COND_doc_TRUE='#'
DX_COND_dot_FALSE=''
DX_COND_dot_TRUE='#'
DX_COND_html_FALSE=''
DX_COND_html_TRUE='#'
DX_COND_latex_FALSE=''
DX_COND_latex_TRUE='#'
DX_COND_man_FALSE=''
DX_COND_man_TRUE='#'
DX_COND_pdf_FALSE=''
DX_COND_pdf_TRUE='#'
DX_COND_ps_FALSE=''
DX_COND_ps_TRUE='#'
DX_COND_rtf_FALSE=''
DX_COND_rtf_TRUE='#'
DX_COND_xml_FALSE=''
DX_COND_xml_TRUE='#'
DX_CONFIG='Doxyfile.in'
DX_DOCDIR='doc'
DX_DOT=''
DX_DOXYGEN=''
DX_DVIPS=''
DX_EGREP=''
DX_ENV=' SRCDIR='\''.'\'' PROJECT='\''libdc1394'\'' DOCDIR='\''doc'\'' VERSION='\''2.0.2'\'' HAVE_DOT='\''NO'\'' GENERATE_MAN='\''NO'\'' GENERATE_RTF='\''NO'\'' GENERATE_XML='\''NO'\'' GENERATE_HTMLHELP='\''NO'\'' GENERATE_CHI='\''NO'\'' GENERATE_HTML='\''NO'\'' GENERATE_LATEX='\''NO'\'''
DX_FLAG_[]DX_CURRENT_FEATURE='[]DX_CURRENT_FEATURE'
DX_FLAG_[]DX_CURRENT_FEATURE='[]DX_CURRENT_FEATURE'
DX_FLAG_[]DX_CURRENT_FEATURE='[]DX_CURRENT_FEATURE'
DX_FLAG_[]DX_CURRENT_FEATURE='[]DX_CURRENT_FEATURE'
DX_FLAG_[]DX_CURRENT_FEATURE='[]DX_CURRENT_FEATURE'
DX_FLAG_[]DX_CURRENT_FEATURE='[]DX_CURRENT_FEATURE'
DX_FLAG_[]DX_CURRENT_FEATURE='[]DX_CURRENT_FEATURE'
DX_FLAG_[]DX_CURRENT_FEATURE='[]DX_CURRENT_FEATURE'
DX_FLAG_[]DX_CURRENT_FEATURE='[]DX_CURRENT_FEATURE'
DX_FLAG_[]DX_CURRENT_FEATURE='[]DX_CURRENT_FEATURE'
DX_FLAG_[]DX_CURRENT_FEATURE='[]DX_CURRENT_FEATURE'
DX_FLAG_[]DX_CURRENT_FEATURE='[]DX_CURRENT_FEATURE'
DX_FLAG_[]DX_CURRENT_FEATURE='[]DX_CURRENT_FEATURE'
DX_FLAG_[]DX_CURRENT_FEATURE='[]DX_CURRENT_FEATURE'
DX_FLAG_[]DX_CURRENT_FEATURE='[]DX_CURRENT_FEATURE'
DX_FLAG_[]DX_CURRENT_FEATURE='[]DX_CURRENT_FEATURE'
DX_FLAG_[]DX_CURRENT_FEATURE='[]DX_CURRENT_FEATURE'
DX_FLAG_[]DX_CURRENT_FEATURE='[]DX_CURRENT_FEATURE'
DX_FLAG_[]DX_CURRENT_FEATURE='[]DX_CURRENT_FEATURE'
DX_FLAG_[]DX_CURRENT_FEATURE='[]DX_CURRENT_FEATURE'
DX_FLAG_[]DX_CURRENT_FEATURE='[]DX_CURRENT_FEATURE'
DX_FLAG_chi='0'
DX_FLAG_chm='0'
DX_FLAG_doc='0'
DX_FLAG_dot='0'
DX_FLAG_html='0'
DX_FLAG_man='0'
DX_FLAG_pdf='0'
DX_FLAG_ps='0'
DX_FLAG_rtf='0'
DX_FLAG_xml='0'
DX_HHC=''
DX_LATEX=''
DX_MAKEINDEX=''
DX_PDFLATEX=''
DX_PERL='/usr/bin/perl'
DX_PROJECT='libdc1394'
ECHO='echo'
ECHO_C=''
ECHO_N='-n'
ECHO_T=''
EGREP='/usr/bin/grep -E'
EXEEXT=''
F77=''
FFLAGS=''
GREP='/usr/bin/grep'
INSTALL_DATA='${INSTALL} -m 644'
INSTALL_PROGRAM='${INSTALL}'
INSTALL_SCRIPT='${INSTALL}'
INSTALL_STRIP_PROGRAM='$(install_sh) -c -s'
JUJU_DIR=''
LDFLAGS=''
LIBOBJS=''
LIBS='-lm '
LIBTOOL='$(SHELL) $(top_builddir)/libtool'
LN_S='ln -s'
LTLIBOBJS=''
MAKEINFO='makeinfo'
NMEDIT='nmedit'
OBJDUMP='objdump'
OBJEXT='o'
PACKAGE='libdc1394'
PACKAGE_BUGREPORT='libdc1394-devel@lists.sf.net'
PACKAGE_NAME='libdc1394'
PACKAGE_STRING='libdc1394 2.0.2'
PACKAGE_TARNAME='libdc1394'
PACKAGE_VERSION='2.0.2'
PATH_SEPARATOR=':'
RANLIB='ranlib'
SED='/usr/bin/sed'
SET_MAKE=''
SHELL='/bin/sh'
STRIP='strip'
USE_LINUX_FALSE=''
USE_LINUX_TRUE='#'
USE_MACOSX_FALSE='#'
USE_MACOSX_TRUE=''
VERSION='2.0.2'
WINDDK=''
XMKMF=''
XVOK_FALSE=''
XVOK_TRUE='#'
XV_CFLAGS=''
XV_LIBS=''
X_CFLAGS=''
X_EXTRA_LIBS=''
X_LIBS=''
X_PRE_LIBS=''
ac_ct_CC='gcc'
ac_ct_CXX='g++'
ac_ct_F77=''
am__fastdepCC_FALSE='#'
am__fastdepCC_TRUE=''
am__fastdepCXX_FALSE='#'
am__fastdepCXX_TRUE=''
am__include='include'
am__isrc=''
am__leading_dot='.'
am__quote=''
am__tar='${AMTAR} chof - "$$tardir"'
am__untar='${AMTAR} xf -'
bindir='${exec_prefix}/bin'
build='i386-apple-darwin10.6.0'
build_alias=''
build_cpu='i386'
build_os='darwin10.6.0'
build_vendor='apple'
datadir='${datarootdir}'
datarootdir='${prefix}/share'
dc1394platform='macosx'
docdir='${datarootdir}/doc/${PACKAGE_TARNAME}'
dvidir='${docdir}'
exec_prefix='${prefix}'
host='i386-apple-darwin10.6.0'
host_alias=''
host_cpu='i386'
host_os='darwin10.6.0'
host_vendor='apple'
htmldir='${docdir}'
includedir='${prefix}/include'
infodir='${datarootdir}/info'
install_sh='$(SHELL) /Users/andreacremaschi/Desktop/realta aumentata/eyeconmacosx/eyeconmacosx/Frameworks/libdc1394/xcode-project/libdc1394-current/install-sh'
libdir='${exec_prefix}/lib'
libexecdir='${exec_prefix}/libexec'
localedir='${datarootdir}/locale'
localstatedir='${prefix}/var'
lt_age='1'
lt_current='23'
lt_revision='0'
mandir='${datarootdir}/man'
mkdir_p='$(top_builddir)/./install-sh -c -d'
oldincludedir='/usr/include'
pdfdir='${docdir}'
pkgincludedir='$(includedir)/dc1394'
platform_LDFLAGS=''
prefix='/usr/local'
program_transform_name='s,x,x,'
psdir='${docdir}'
sbindir='${exec_prefix}/sbin'
sharedstatedir='${prefix}/com'
sysconfdir='${prefix}/etc'
target_alias=''

## ----------- ##
## confdefs.h. ##
## ----------- ##

#define PACKAGE_NAME "libdc1394"
#define PACKAGE_TARNAME "libdc1394"
#define PACKAGE_VERSION "2.0.2"
#define PACKAGE_STRING "libdc1394 2.0.2"
#define PACKAGE_BUGREPORT "libdc1394-devel@lists.sf.net"
#define PACKAGE "libdc1394"
#define VERSION "2.0.2"
#define STDC_HEADERS 1
#define HAVE_SYS_TYPES_H 1
#define HAVE_SYS_STAT_H 1
#define HAVE_STDLIB_H 1
#define HAVE_STRING_H 1
#define HAVE_MEMORY_H 1
#define HAVE_STRINGS_H 1
#define HAVE_INTTYPES_H 1
#define HAVE_STDINT_H 1
#define HAVE_UNISTD_H 1
#define HAVE_DLFCN_H 1
#define restrict __restrict
#define HAVE_IOKITLIB
#define STDC_HEADERS 1
#define HAVE_STDINT_H 1
#define HAVE_FCNTL_H 1
#define HAVE_SYS_IOCTL_H 1
#define HAVE_UNISTD_H 1
#define HAVE_SYS_MMAN_H 1
#define HAVE_NETINET_IN_H 1
#define X_DISPLAY_MISSING 1
#define HAVE_STDLIB_H 1
#define HAVE_UNISTD_H 1
#define HAVE_GETPAGESIZE 1
#define HAVE_MMAP 1

configure: exit 0
